<?xml version="1.0" encoding="UTF-8" standalone="yes"?><!DOCTYPE report PUBLIC "-//JACOCO//DTD Report 1.0//EN" "report.dtd"><report name="JunitAssignment1"><sessioninfo id="Accolite-PC-9ad0779e" start="1405539227735" dump="1405539228822"/><package name="junitAssignment"><class name="junitAssignment/Fraction"><method name="&lt;init&gt;" desc="(II)V" line="70"><counter type="INSTRUCTION" missed="0" covered="18"/><counter type="LINE" missed="0" covered="7"/><counter type="COMPLEXITY" missed="0" covered="1"/><counter type="METHOD" missed="0" covered="1"/></method><method name="getFraction" desc="(II)LjunitAssignment/Fraction;" line="113"><counter type="INSTRUCTION" missed="0" covered="32"/><counter type="BRANCH" missed="1" covered="7"/><counter type="LINE" missed="0" covered="8"/><counter type="COMPLEXITY" missed="1" covered="4"/><counter type="METHOD" missed="0" covered="1"/></method><method name="getFraction" desc="(III)LjunitAssignment/Fraction;" line="149"><counter type="INSTRUCTION" missed="5" covered="57"/><counter type="BRANCH" missed="2" covered="10"/><counter type="LINE" missed="1" covered="11"/><counter type="COMPLEXITY" missed="2" covered="5"/><counter type="METHOD" missed="0" covered="1"/></method><method name="getReducedFraction" desc="(II)LjunitAssignment/Fraction;" line="195"><counter type="INSTRUCTION" missed="8" covered="55"/><counter type="BRANCH" missed="2" covered="12"/><counter type="LINE" missed="2" covered="14"/><counter type="COMPLEXITY" missed="2" covered="6"/><counter type="METHOD" missed="0" covered="1"/></method><method name="getFraction" desc="(D)LjunitAssignment/Fraction;" line="242"><counter type="INSTRUCTION" missed="5" covered="142"/><counter type="BRANCH" missed="3" covered="13"/><counter type="LINE" missed="1" covered="39"/><counter type="COMPLEXITY" missed="3" covered="6"/><counter type="METHOD" missed="0" covered="1"/></method><method name="getFraction" desc="(Ljava/lang/String;)LjunitAssignment/Fraction;" line="328"><counter type="INSTRUCTION" missed="92" covered="0"/><counter type="BRANCH" missed="10" covered="0"/><counter type="LINE" missed="21" covered="0"/><counter type="COMPLEXITY" missed="6" covered="0"/><counter type="METHOD" missed="1" covered="0"/></method><method name="getNumerator" desc="()I" line="381"><counter type="INSTRUCTION" missed="0" covered="3"/><counter type="LINE" missed="0" covered="1"/><counter type="COMPLEXITY" missed="0" covered="1"/><counter type="METHOD" missed="0" covered="1"/></method><method name="getDenominator" desc="()I" line="391"><counter type="INSTRUCTION" missed="0" covered="3"/><counter type="LINE" missed="0" covered="1"/><counter type="COMPLEXITY" missed="0" covered="1"/><counter type="METHOD" missed="0" covered="1"/></method><method name="getProperNumerator" desc="()I" line="413"><counter type="INSTRUCTION" missed="0" covered="7"/><counter type="LINE" missed="0" covered="1"/><counter type="COMPLEXITY" missed="0" covered="1"/><counter type="METHOD" missed="0" covered="1"/></method><method name="getProperWhole" desc="()I" line="434"><counter type="INSTRUCTION" missed="0" covered="6"/><counter type="LINE" missed="0" covered="1"/><counter type="COMPLEXITY" missed="0" covered="1"/><counter type="METHOD" missed="0" covered="1"/></method><method name="intValue" desc="()I" line="449"><counter type="INSTRUCTION" missed="0" covered="6"/><counter type="LINE" missed="0" covered="1"/><counter type="COMPLEXITY" missed="0" covered="1"/><counter type="METHOD" missed="0" covered="1"/></method><method name="longValue" desc="()J" line="462"><counter type="INSTRUCTION" missed="0" covered="8"/><counter type="LINE" missed="0" covered="1"/><counter type="COMPLEXITY" missed="0" covered="1"/><counter type="METHOD" missed="0" covered="1"/></method><method name="floatValue" desc="()F" line="475"><counter type="INSTRUCTION" missed="0" covered="8"/><counter type="LINE" missed="0" covered="1"/><counter type="COMPLEXITY" missed="0" covered="1"/><counter type="METHOD" missed="0" covered="1"/></method><method name="doubleValue" desc="()D" line="488"><counter type="INSTRUCTION" missed="0" covered="8"/><counter type="LINE" missed="0" covered="1"/><counter type="COMPLEXITY" missed="0" covered="1"/><counter type="METHOD" missed="0" covered="1"/></method><method name="reduce" desc="()LjunitAssignment/Fraction;" line="509"><counter type="INSTRUCTION" missed="4" covered="29"/><counter type="BRANCH" missed="2" covered="4"/><counter type="LINE" missed="1" covered="5"/><counter type="COMPLEXITY" missed="2" covered="2"/><counter type="METHOD" missed="0" covered="1"/></method><method name="invert" desc="()LjunitAssignment/Fraction;" line="533"><counter type="INSTRUCTION" missed="0" covered="38"/><counter type="BRANCH" missed="0" covered="6"/><counter type="LINE" missed="0" covered="7"/><counter type="COMPLEXITY" missed="0" covered="4"/><counter type="METHOD" missed="0" covered="1"/></method><method name="negate" desc="()LjunitAssignment/Fraction;" line="560"><counter type="INSTRUCTION" missed="0" covered="18"/><counter type="BRANCH" missed="0" covered="2"/><counter type="LINE" missed="0" covered="3"/><counter type="COMPLEXITY" missed="0" covered="2"/><counter type="METHOD" missed="0" covered="1"/></method><method name="abs" desc="()LjunitAssignment/Fraction;" line="583"><counter type="INSTRUCTION" missed="0" covered="8"/><counter type="BRANCH" missed="0" covered="2"/><counter type="LINE" missed="0" covered="3"/><counter type="COMPLEXITY" missed="0" covered="2"/><counter type="METHOD" missed="0" covered="1"/></method><method name="pow" desc="(I)LjunitAssignment/Fraction;" line="607"><counter type="INSTRUCTION" missed="10" covered="42"/><counter type="BRANCH" missed="1" covered="9"/><counter type="LINE" missed="1" covered="11"/><counter type="COMPLEXITY" missed="1" covered="5"/><counter type="METHOD" missed="0" covered="1"/></method><method name="greatestCommonDivisor" desc="(II)I" line="639"><counter type="INSTRUCTION" missed="22" covered="94"/><counter type="BRANCH" missed="9" covered="23"/><counter type="LINE" missed="4" covered="22"/><counter type="COMPLEXITY" missed="7" covered="10"/><counter type="METHOD" missed="0" covered="1"/></method><method name="mulAndCheck" desc="(II)I" line="705"><counter type="INSTRUCTION" missed="0" covered="22"/><counter type="BRANCH" missed="0" covered="4"/><counter type="LINE" missed="0" covered="4"/><counter type="COMPLEXITY" missed="0" covered="3"/><counter type="METHOD" missed="0" covered="1"/></method><method name="mulPosAndCheck" desc="(II)I" line="721"><counter type="INSTRUCTION" missed="0" covered="18"/><counter type="BRANCH" missed="0" covered="2"/><counter type="LINE" missed="0" covered="4"/><counter type="COMPLEXITY" missed="0" covered="2"/><counter type="METHOD" missed="0" covered="1"/></method><method name="addAndCheck" desc="(II)I" line="735"><counter type="INSTRUCTION" missed="5" covered="17"/><counter type="BRANCH" missed="2" covered="2"/><counter type="LINE" missed="1" covered="3"/><counter type="COMPLEXITY" missed="2" covered="1"/><counter type="METHOD" missed="0" covered="1"/></method><method name="subAndCheck" desc="(II)I" line="754"><counter type="INSTRUCTION" missed="5" covered="17"/><counter type="BRANCH" missed="2" covered="2"/><counter type="LINE" missed="1" covered="3"/><counter type="COMPLEXITY" missed="2" covered="1"/><counter type="METHOD" missed="0" covered="1"/></method><method name="add" desc="(LjunitAssignment/Fraction;)LjunitAssignment/Fraction;" line="777"><counter type="INSTRUCTION" missed="0" covered="5"/><counter type="LINE" missed="0" covered="1"/><counter type="COMPLEXITY" missed="0" covered="1"/><counter type="METHOD" missed="0" covered="1"/></method><method name="subtract" desc="(LjunitAssignment/Fraction;)LjunitAssignment/Fraction;" line="796"><counter type="INSTRUCTION" missed="0" covered="5"/><counter type="LINE" missed="0" covered="1"/><counter type="COMPLEXITY" missed="0" covered="1"/><counter type="METHOD" missed="0" covered="1"/></method><method name="addSub" desc="(LjunitAssignment/Fraction;Z)LjunitAssignment/Fraction;" line="814"><counter type="INSTRUCTION" missed="9" covered="131"/><counter type="BRANCH" missed="3" covered="15"/><counter type="LINE" missed="2" covered="18"/><counter type="COMPLEXITY" missed="3" covered="7"/><counter type="METHOD" missed="0" covered="1"/></method><method name="multiplyBy" desc="(LjunitAssignment/Fraction;)LjunitAssignment/Fraction;" line="874"><counter type="INSTRUCTION" missed="2" covered="45"/><counter type="BRANCH" missed="2" covered="4"/><counter type="LINE" missed="1" covered="6"/><counter type="COMPLEXITY" missed="2" covered="2"/><counter type="METHOD" missed="0" covered="1"/></method><method name="divideBy" desc="(LjunitAssignment/Fraction;)LjunitAssignment/Fraction;" line="906"><counter type="INSTRUCTION" missed="0" covered="20"/><counter type="BRANCH" missed="0" covered="4"/><counter type="LINE" missed="0" covered="5"/><counter type="COMPLEXITY" missed="0" covered="3"/><counter type="METHOD" missed="0" covered="1"/></method><method name="equals" desc="(Ljava/lang/Object;)Z" line="935"><counter type="INSTRUCTION" missed="4" covered="23"/><counter type="BRANCH" missed="3" covered="5"/><counter type="LINE" missed="2" covered="4"/><counter type="COMPLEXITY" missed="3" covered="2"/><counter type="METHOD" missed="0" covered="1"/></method><method name="hashCode" desc="()I" line="955"><counter type="INSTRUCTION" missed="0" covered="17"/><counter type="BRANCH" missed="1" covered="1"/><counter type="LINE" missed="0" covered="3"/><counter type="COMPLEXITY" missed="1" covered="1"/><counter type="METHOD" missed="0" covered="1"/></method><method name="compareTo" desc="(LjunitAssignment/Fraction;)I" line="982"><counter type="INSTRUCTION" missed="0" covered="47"/><counter type="BRANCH" missed="1" covered="9"/><counter type="LINE" missed="0" covered="11"/><counter type="COMPLEXITY" missed="1" covered="5"/><counter type="METHOD" missed="0" covered="1"/></method><method name="toString" desc="()Ljava/lang/String;" line="1013"><counter type="INSTRUCTION" missed="0" covered="21"/><counter type="BRANCH" missed="1" covered="1"/><counter type="LINE" missed="0" covered="3"/><counter type="COMPLEXITY" missed="1" covered="1"/><counter type="METHOD" missed="0" covered="1"/></method><method name="toProperString" desc="()Ljava/lang/String;" line="1034"><counter type="INSTRUCTION" missed="23" covered="69"/><counter type="BRANCH" missed="4" covered="10"/><counter type="LINE" missed="3" covered="12"/><counter type="COMPLEXITY" missed="4" covered="4"/><counter type="METHOD" missed="0" covered="1"/></method><method name="&lt;clinit&gt;" desc="()V" line="11"><counter type="INSTRUCTION" missed="0" covered="73"/><counter type="LINE" missed="0" covered="12"/><counter type="COMPLEXITY" missed="0" covered="1"/><counter type="METHOD" missed="0" covered="1"/></method><counter type="INSTRUCTION" missed="194" covered="1112"/><counter type="BRANCH" missed="49" covered="147"/><counter type="LINE" missed="41" covered="228"/><counter type="COMPLEXITY" missed="43" covered="90"/><counter type="METHOD" missed="1" covered="34"/><counter type="CLASS" missed="0" covered="1"/></class><class name="junitAssignment/NumberUtils"><method name="&lt;init&gt;" desc="()V" line="79"><counter type="INSTRUCTION" missed="3" covered="0"/><counter type="LINE" missed="2" covered="0"/><counter type="COMPLEXITY" missed="1" covered="0"/><counter type="METHOD" missed="1" covered="0"/></method><method name="toInt" desc="(Ljava/lang/String;)I" line="101"><counter type="INSTRUCTION" missed="0" covered="4"/><counter type="LINE" missed="0" covered="1"/><counter type="COMPLEXITY" missed="0" covered="1"/><counter type="METHOD" missed="0" covered="1"/></method><method name="toInt" desc="(Ljava/lang/String;I)I" line="122"><counter type="INSTRUCTION" missed="3" covered="7"/><counter type="BRANCH" missed="0" covered="2"/><counter type="LINE" missed="2" covered="3"/><counter type="COMPLEXITY" missed="0" covered="2"/><counter type="METHOD" missed="0" covered="1"/></method><method name="toLong" desc="(Ljava/lang/String;)J" line="150"><counter type="INSTRUCTION" missed="0" covered="4"/><counter type="LINE" missed="0" covered="1"/><counter type="COMPLEXITY" missed="0" covered="1"/><counter type="METHOD" missed="0" covered="1"/></method><method name="toLong" desc="(Ljava/lang/String;J)J" line="171"><counter type="INSTRUCTION" missed="5" covered="5"/><counter type="BRANCH" missed="1" covered="1"/><counter type="LINE" missed="3" covered="2"/><counter type="COMPLEXITY" missed="1" covered="1"/><counter type="METHOD" missed="0" covered="1"/></method><method name="toFloat" desc="(Ljava/lang/String;)F" line="200"><counter type="INSTRUCTION" missed="0" covered="4"/><counter type="LINE" missed="0" covered="1"/><counter type="COMPLEXITY" missed="0" covered="1"/><counter type="METHOD" missed="0" covered="1"/></method><method name="toFloat" desc="(Ljava/lang/String;F)F" line="223"><counter type="INSTRUCTION" missed="3" covered="7"/><counter type="BRANCH" missed="0" covered="2"/><counter type="LINE" missed="2" covered="3"/><counter type="COMPLEXITY" missed="0" covered="2"/><counter type="METHOD" missed="0" covered="1"/></method><method name="toDouble" desc="(Ljava/lang/String;)D" line="252"><counter type="INSTRUCTION" missed="0" covered="4"/><counter type="LINE" missed="0" covered="1"/><counter type="COMPLEXITY" missed="0" covered="1"/><counter type="METHOD" missed="0" covered="1"/></method><method name="toDouble" desc="(Ljava/lang/String;D)D" line="275"><counter type="INSTRUCTION" missed="3" covered="7"/><counter type="BRANCH" missed="0" covered="2"/><counter type="LINE" missed="2" covered="3"/><counter type="COMPLEXITY" missed="0" covered="2"/><counter type="METHOD" missed="0" covered="1"/></method><method name="toByte" desc="(Ljava/lang/String;)B" line="304"><counter type="INSTRUCTION" missed="0" covered="4"/><counter type="LINE" missed="0" covered="1"/><counter type="COMPLEXITY" missed="0" covered="1"/><counter type="METHOD" missed="0" covered="1"/></method><method name="toByte" desc="(Ljava/lang/String;B)B" line="325"><counter type="INSTRUCTION" missed="5" covered="5"/><counter type="BRANCH" missed="1" covered="1"/><counter type="LINE" missed="3" covered="2"/><counter type="COMPLEXITY" missed="1" covered="1"/><counter type="METHOD" missed="0" covered="1"/></method><method name="toShort" desc="(Ljava/lang/String;)S" line="353"><counter type="INSTRUCTION" missed="4" covered="0"/><counter type="LINE" missed="1" covered="0"/><counter type="COMPLEXITY" missed="1" covered="0"/><counter type="METHOD" missed="1" covered="0"/></method><method name="toShort" desc="(Ljava/lang/String;S)S" line="374"><counter type="INSTRUCTION" missed="10" covered="0"/><counter type="BRANCH" missed="2" covered="0"/><counter type="LINE" missed="5" covered="0"/><counter type="COMPLEXITY" missed="2" covered="0"/><counter type="METHOD" missed="1" covered="0"/></method><method name="createNumber" desc="(Ljava/lang/String;)Ljava/lang/Number;" line="452"><counter type="INSTRUCTION" missed="342" covered="100"/><counter type="BRANCH" missed="92" covered="12"/><counter type="LINE" missed="70" covered="18"/><counter type="COMPLEXITY" missed="52" covered="2"/><counter type="METHOD" missed="0" covered="1"/></method><method name="isAllZeros" desc="(Ljava/lang/String;)Z" line="635"><counter type="INSTRUCTION" missed="27" covered="0"/><counter type="BRANCH" missed="8" covered="0"/><counter type="LINE" missed="6" covered="0"/><counter type="COMPLEXITY" missed="5" covered="0"/><counter type="METHOD" missed="1" covered="0"/></method><method name="createFloat" desc="(Ljava/lang/String;)Ljava/lang/Float;" line="657"><counter type="INSTRUCTION" missed="7" covered="0"/><counter type="BRANCH" missed="2" covered="0"/><counter type="LINE" missed="3" covered="0"/><counter type="COMPLEXITY" missed="2" covered="0"/><counter type="METHOD" missed="1" covered="0"/></method><method name="createDouble" desc="(Ljava/lang/String;)Ljava/lang/Double;" line="673"><counter type="INSTRUCTION" missed="7" covered="0"/><counter type="BRANCH" missed="2" covered="0"/><counter type="LINE" missed="3" covered="0"/><counter type="COMPLEXITY" missed="2" covered="0"/><counter type="METHOD" missed="1" covered="0"/></method><method name="createInteger" desc="(Ljava/lang/String;)Ljava/lang/Integer;" line="691"><counter type="INSTRUCTION" missed="2" covered="5"/><counter type="BRANCH" missed="1" covered="1"/><counter type="LINE" missed="1" covered="2"/><counter type="COMPLEXITY" missed="1" covered="1"/><counter type="METHOD" missed="0" covered="1"/></method><method name="createLong" desc="(Ljava/lang/String;)Ljava/lang/Long;" line="710"><counter type="INSTRUCTION" missed="7" covered="0"/><counter type="BRANCH" missed="2" covered="0"/><counter type="LINE" missed="3" covered="0"/><counter type="COMPLEXITY" missed="2" covered="0"/><counter type="METHOD" missed="1" covered="0"/></method><method name="createBigInteger" desc="(Ljava/lang/String;)Ljava/math/BigInteger;" line="727"><counter type="INSTRUCTION" missed="70" covered="0"/><counter type="BRANCH" missed="16" covered="0"/><counter type="LINE" missed="19" covered="0"/><counter type="COMPLEXITY" missed="9" covered="0"/><counter type="METHOD" missed="1" covered="0"/></method><method name="createBigDecimal" desc="(Ljava/lang/String;)Ljava/math/BigDecimal;" line="762"><counter type="INSTRUCTION" missed="34" covered="0"/><counter type="BRANCH" missed="6" covered="0"/><counter type="LINE" missed="7" covered="0"/><counter type="COMPLEXITY" missed="4" covered="0"/><counter type="METHOD" missed="1" covered="0"/></method><method name="min" desc="([J)J" line="791"><counter type="INSTRUCTION" missed="26" covered="0"/><counter type="BRANCH" missed="4" covered="0"/><counter type="LINE" missed="6" covered="0"/><counter type="COMPLEXITY" missed="3" covered="0"/><counter type="METHOD" missed="1" covered="0"/></method><method name="min" desc="([I)I" line="814"><counter type="INSTRUCTION" missed="25" covered="0"/><counter type="BRANCH" missed="4" covered="0"/><counter type="LINE" missed="6" covered="0"/><counter type="COMPLEXITY" missed="3" covered="0"/><counter type="METHOD" missed="1" covered="0"/></method><method name="min" desc="([S)S" line="837"><counter type="INSTRUCTION" missed="25" covered="0"/><counter type="BRANCH" missed="4" covered="0"/><counter type="LINE" missed="6" covered="0"/><counter type="COMPLEXITY" missed="3" covered="0"/><counter type="METHOD" missed="1" covered="0"/></method><method name="min" desc="([B)B" line="860"><counter type="INSTRUCTION" missed="25" covered="0"/><counter type="BRANCH" missed="4" covered="0"/><counter type="LINE" missed="6" covered="0"/><counter type="COMPLEXITY" missed="3" covered="0"/><counter type="METHOD" missed="1" covered="0"/></method><method name="min" desc="([D)D" line="884"><counter type="INSTRUCTION" missed="33" covered="0"/><counter type="BRANCH" missed="6" covered="0"/><counter type="LINE" missed="8" covered="0"/><counter type="COMPLEXITY" missed="4" covered="0"/><counter type="METHOD" missed="1" covered="0"/></method><method name="min" desc="([F)F" line="911"><counter type="INSTRUCTION" missed="33" covered="0"/><counter type="BRANCH" missed="6" covered="0"/><counter type="LINE" missed="8" covered="0"/><counter type="COMPLEXITY" missed="4" covered="0"/><counter type="METHOD" missed="1" covered="0"/></method><method name="max" desc="([J)J" line="939"><counter type="INSTRUCTION" missed="26" covered="0"/><counter type="BRANCH" missed="4" covered="0"/><counter type="LINE" missed="6" covered="0"/><counter type="COMPLEXITY" missed="3" covered="0"/><counter type="METHOD" missed="1" covered="0"/></method><method name="max" desc="([I)I" line="962"><counter type="INSTRUCTION" missed="25" covered="0"/><counter type="BRANCH" missed="4" covered="0"/><counter type="LINE" missed="6" covered="0"/><counter type="COMPLEXITY" missed="3" covered="0"/><counter type="METHOD" missed="1" covered="0"/></method><method name="max" desc="([S)S" line="985"><counter type="INSTRUCTION" missed="25" covered="0"/><counter type="BRANCH" missed="4" covered="0"/><counter type="LINE" missed="6" covered="0"/><counter type="COMPLEXITY" missed="3" covered="0"/><counter type="METHOD" missed="1" covered="0"/></method><method name="max" desc="([B)B" line="1008"><counter type="INSTRUCTION" missed="25" covered="0"/><counter type="BRANCH" missed="4" covered="0"/><counter type="LINE" missed="6" covered="0"/><counter type="COMPLEXITY" missed="3" covered="0"/><counter type="METHOD" missed="1" covered="0"/></method><method name="max" desc="([D)D" line="1032"><counter type="INSTRUCTION" missed="33" covered="0"/><counter type="BRANCH" missed="6" covered="0"/><counter type="LINE" missed="8" covered="0"/><counter type="COMPLEXITY" missed="4" covered="0"/><counter type="METHOD" missed="1" covered="0"/></method><method name="max" desc="([F)F" line="1059"><counter type="INSTRUCTION" missed="33" covered="0"/><counter type="BRANCH" missed="6" covered="0"/><counter type="LINE" missed="8" covered="0"/><counter type="COMPLEXITY" missed="4" covered="0"/><counter type="METHOD" missed="1" covered="0"/></method><method name="validateArray" desc="(Ljava/lang/Object;)V" line="1082"><counter type="INSTRUCTION" missed="1" covered="15"/><counter type="BRANCH" missed="1" covered="3"/><counter type="LINE" missed="1" covered="4"/><counter type="COMPLEXITY" missed="1" covered="2"/><counter type="METHOD" missed="0" covered="1"/></method><method name="min" desc="(JJJ)J" line="1100"><counter type="INSTRUCTION" missed="14" covered="0"/><counter type="BRANCH" missed="4" covered="0"/><counter type="LINE" missed="5" covered="0"/><counter type="COMPLEXITY" missed="3" covered="0"/><counter type="METHOD" missed="1" covered="0"/></method><method name="min" desc="(III)I" line="1118"><counter type="INSTRUCTION" missed="12" covered="0"/><counter type="BRANCH" missed="4" covered="0"/><counter type="LINE" missed="5" covered="0"/><counter type="COMPLEXITY" missed="3" covered="0"/><counter type="METHOD" missed="1" covered="0"/></method><method name="min" desc="(SSS)S" line="1136"><counter type="INSTRUCTION" missed="12" covered="0"/><counter type="BRANCH" missed="4" covered="0"/><counter type="LINE" missed="5" covered="0"/><counter type="COMPLEXITY" missed="3" covered="0"/><counter type="METHOD" missed="1" covered="0"/></method><method name="min" desc="(BBB)B" line="1154"><counter type="INSTRUCTION" missed="12" covered="0"/><counter type="BRANCH" missed="4" covered="0"/><counter type="LINE" missed="5" covered="0"/><counter type="COMPLEXITY" missed="3" covered="0"/><counter type="METHOD" missed="1" covered="0"/></method><method name="min" desc="(DDD)D" line="1176"><counter type="INSTRUCTION" missed="6" covered="0"/><counter type="LINE" missed="1" covered="0"/><counter type="COMPLEXITY" missed="1" covered="0"/><counter type="METHOD" missed="1" covered="0"/></method><method name="min" desc="(FFF)F" line="1192"><counter type="INSTRUCTION" missed="6" covered="0"/><counter type="LINE" missed="1" covered="0"/><counter type="COMPLEXITY" missed="1" covered="0"/><counter type="METHOD" missed="1" covered="0"/></method><method name="max" desc="(JJJ)J" line="1206"><counter type="INSTRUCTION" missed="14" covered="0"/><counter type="BRANCH" missed="4" covered="0"/><counter type="LINE" missed="5" covered="0"/><counter type="COMPLEXITY" missed="3" covered="0"/><counter type="METHOD" missed="1" covered="0"/></method><method name="max" desc="(III)I" line="1224"><counter type="INSTRUCTION" missed="12" covered="0"/><counter type="BRANCH" missed="4" covered="0"/><counter type="LINE" missed="5" covered="0"/><counter type="COMPLEXITY" missed="3" covered="0"/><counter type="METHOD" missed="1" covered="0"/></method><method name="max" desc="(SSS)S" line="1242"><counter type="INSTRUCTION" missed="12" covered="0"/><counter type="BRANCH" missed="4" covered="0"/><counter type="LINE" missed="5" covered="0"/><counter type="COMPLEXITY" missed="3" covered="0"/><counter type="METHOD" missed="1" covered="0"/></method><method name="max" desc="(BBB)B" line="1260"><counter type="INSTRUCTION" missed="12" covered="0"/><counter type="BRANCH" missed="4" covered="0"/><counter type="LINE" missed="5" covered="0"/><counter type="COMPLEXITY" missed="3" covered="0"/><counter type="METHOD" missed="1" covered="0"/></method><method name="max" desc="(DDD)D" line="1282"><counter type="INSTRUCTION" missed="6" covered="0"/><counter type="LINE" missed="1" covered="0"/><counter type="COMPLEXITY" missed="1" covered="0"/><counter type="METHOD" missed="1" covered="0"/></method><method name="max" desc="(FFF)F" line="1298"><counter type="INSTRUCTION" missed="6" covered="0"/><counter type="LINE" missed="1" covered="0"/><counter type="COMPLEXITY" missed="1" covered="0"/><counter type="METHOD" missed="1" covered="0"/></method><method name="isDigits" desc="(Ljava/lang/String;)Z" line="1313"><counter type="INSTRUCTION" missed="22" covered="0"/><counter type="BRANCH" missed="6" covered="0"/><counter type="LINE" missed="6" covered="0"/><counter type="COMPLEXITY" missed="4" covered="0"/><counter type="METHOD" missed="1" covered="0"/></method><method name="isNumber" desc="(Ljava/lang/String;)Z" line="1339"><counter type="INSTRUCTION" missed="317" covered="0"/><counter type="BRANCH" missed="108" covered="0"/><counter type="LINE" missed="63" covered="0"/><counter type="COMPLEXITY" missed="55" covered="0"/><counter type="METHOD" missed="1" covered="0"/></method><method name="&lt;clinit&gt;" desc="()V" line="35"><counter type="INSTRUCTION" missed="0" covered="55"/><counter type="LINE" missed="0" covered="18"/><counter type="COMPLEXITY" missed="0" covered="1"/><counter type="METHOD" missed="0" covered="1"/></method><counter type="INSTRUCTION" missed="1330" covered="226"/><counter type="BRANCH" missed="336" covered="24"/><counter type="LINE" missed="326" covered="60"/><counter type="COMPLEXITY" missed="211" covered="19"/><counter type="METHOD" missed="35" covered="14"/><counter type="CLASS" missed="0" covered="1"/></class><class name="junitAssignment/IEEE754rUtils"><method name="&lt;init&gt;" desc="()V" line="34"><counter type="INSTRUCTION" missed="0" covered="3"/><counter type="LINE" missed="0" covered="1"/><counter type="COMPLEXITY" missed="0" covered="1"/><counter type="METHOD" missed="0" covered="1"/></method><method name="min" desc="([D)D" line="51"><counter type="INSTRUCTION" missed="0" covered="35"/><counter type="BRANCH" missed="0" covered="6"/><counter type="LINE" missed="0" covered="8"/><counter type="COMPLEXITY" missed="0" covered="4"/><counter type="METHOD" missed="0" covered="1"/></method><method name="min" desc="([F)F" line="81"><counter type="INSTRUCTION" missed="0" covered="35"/><counter type="BRANCH" missed="0" covered="6"/><counter type="LINE" missed="0" covered="8"/><counter type="COMPLEXITY" missed="0" covered="4"/><counter type="METHOD" missed="0" covered="1"/></method><method name="min" desc="(DDD)D" line="114"><counter type="INSTRUCTION" missed="0" covered="6"/><counter type="LINE" missed="0" covered="1"/><counter type="COMPLEXITY" missed="0" covered="1"/><counter type="METHOD" missed="0" covered="1"/></method><method name="min" desc="(DD)D" line="133"><counter type="INSTRUCTION" missed="0" covered="14"/><counter type="BRANCH" missed="0" covered="4"/><counter type="LINE" missed="0" covered="5"/><counter type="COMPLEXITY" missed="0" covered="3"/><counter type="METHOD" missed="0" covered="1"/></method><method name="min" desc="(FFF)F" line="160"><counter type="INSTRUCTION" missed="0" covered="6"/><counter type="LINE" missed="0" covered="1"/><counter type="COMPLEXITY" missed="0" covered="1"/><counter type="METHOD" missed="0" covered="1"/></method><method name="min" desc="(FF)F" line="179"><counter type="INSTRUCTION" missed="0" covered="14"/><counter type="BRANCH" missed="0" covered="4"/><counter type="LINE" missed="0" covered="5"/><counter type="COMPLEXITY" missed="0" covered="3"/><counter type="METHOD" missed="0" covered="1"/></method><method name="max" desc="([D)D" line="203"><counter type="INSTRUCTION" missed="35" covered="0"/><counter type="BRANCH" missed="6" covered="0"/><counter type="LINE" missed="8" covered="0"/><counter type="COMPLEXITY" missed="4" covered="0"/><counter type="METHOD" missed="1" covered="0"/></method><method name="max" desc="([F)F" line="233"><counter type="INSTRUCTION" missed="0" covered="35"/><counter type="BRANCH" missed="0" covered="6"/><counter type="LINE" missed="0" covered="8"/><counter type="COMPLEXITY" missed="0" covered="4"/><counter type="METHOD" missed="0" covered="1"/></method><method name="max" desc="(DDD)D" line="266"><counter type="INSTRUCTION" missed="0" covered="6"/><counter type="LINE" missed="0" covered="1"/><counter type="COMPLEXITY" missed="0" covered="1"/><counter type="METHOD" missed="0" covered="1"/></method><method name="max" desc="(DD)D" line="285"><counter type="INSTRUCTION" missed="0" covered="14"/><counter type="BRANCH" missed="0" covered="4"/><counter type="LINE" missed="0" covered="5"/><counter type="COMPLEXITY" missed="0" covered="3"/><counter type="METHOD" missed="0" covered="1"/></method><method name="max" desc="(FFF)F" line="312"><counter type="INSTRUCTION" missed="0" covered="6"/><counter type="LINE" missed="0" covered="1"/><counter type="COMPLEXITY" missed="0" covered="1"/><counter type="METHOD" missed="0" covered="1"/></method><method name="max" desc="(FF)F" line="331"><counter type="INSTRUCTION" missed="0" covered="14"/><counter type="BRANCH" missed="0" covered="4"/><counter type="LINE" missed="0" covered="5"/><counter type="COMPLEXITY" missed="0" covered="3"/><counter type="METHOD" missed="0" covered="1"/></method><counter type="INSTRUCTION" missed="35" covered="188"/><counter type="BRANCH" missed="6" covered="34"/><counter type="LINE" missed="8" covered="49"/><counter type="COMPLEXITY" missed="4" covered="29"/><counter type="METHOD" missed="1" covered="12"/><counter type="CLASS" missed="0" covered="1"/></class><sourcefile name="NumberUtils.java"><line nr="35" mi="0" ci="3" mb="0" cb="0"/><line nr="37" mi="0" ci="3" mb="0" cb="0"/><line nr="39" mi="0" ci="3" mb="0" cb="0"/><line nr="41" mi="0" ci="3" mb="0" cb="0"/><line nr="43" mi="0" ci="3" mb="0" cb="0"/><line nr="45" mi="0" ci="3" mb="0" cb="0"/><line nr="47" mi="0" ci="3" mb="0" cb="0"/><line nr="49" mi="0" ci="3" mb="0" cb="0"/><line nr="51" mi="0" ci="3" mb="0" cb="0"/><line nr="53" mi="0" ci="3" mb="0" cb="0"/><line nr="55" mi="0" ci="3" mb="0" cb="0"/><line nr="57" mi="0" ci="3" mb="0" cb="0"/><line nr="59" mi="0" ci="3" mb="0" cb="0"/><line nr="61" mi="0" ci="3" mb="0" cb="0"/><line nr="63" mi="0" ci="3" mb="0" cb="0"/><line nr="65" mi="0" ci="3" mb="0" cb="0"/><line nr="67" mi="0" ci="3" mb="0" cb="0"/><line nr="69" mi="0" ci="4" mb="0" cb="0"/><line nr="79" mi="2" ci="0" mb="0" cb="0"/><line nr="80" mi="1" ci="0" mb="0" cb="0"/><line nr="101" mi="0" ci="4" mb="0" cb="0"/><line nr="122" mi="0" ci="2" mb="0" cb="2"/><line nr="123" mi="0" ci="2" mb="0" cb="0"/><line nr="126" mi="0" ci="3" mb="0" cb="0"/><line nr="127" mi="1" ci="0" mb="0" cb="0"/><line nr="128" mi="2" ci="0" mb="0" cb="0"/><line nr="150" mi="0" ci="4" mb="0" cb="0"/><line nr="171" mi="0" ci="2" mb="1" cb="1"/><line nr="172" mi="2" ci="0" mb="0" cb="0"/><line nr="175" mi="0" ci="3" mb="0" cb="0"/><line nr="176" mi="1" ci="0" mb="0" cb="0"/><line nr="177" mi="2" ci="0" mb="0" cb="0"/><line nr="200" mi="0" ci="4" mb="0" cb="0"/><line nr="223" mi="0" ci="2" mb="0" cb="2"/><line nr="224" mi="0" ci="2" mb="0" cb="0"/><line nr="227" mi="0" ci="3" mb="0" cb="0"/><line nr="228" mi="1" ci="0" mb="0" cb="0"/><line nr="229" mi="2" ci="0" mb="0" cb="0"/><line nr="252" mi="0" ci="4" mb="0" cb="0"/><line nr="275" mi="0" ci="2" mb="0" cb="2"/><line nr="276" mi="0" ci="2" mb="0" cb="0"/><line nr="279" mi="0" ci="3" mb="0" cb="0"/><line nr="280" mi="1" ci="0" mb="0" cb="0"/><line nr="281" mi="2" ci="0" mb="0" cb="0"/><line nr="304" mi="0" ci="4" mb="0" cb="0"/><line nr="325" mi="0" ci="2" mb="1" cb="1"/><line nr="326" mi="2" ci="0" mb="0" cb="0"/><line nr="329" mi="0" ci="3" mb="0" cb="0"/><line nr="330" mi="1" ci="0" mb="0" cb="0"/><line nr="331" mi="2" ci="0" mb="0" cb="0"/><line nr="353" mi="4" ci="0" mb="0" cb="0"/><line nr="374" mi="2" ci="0" mb="2" cb="0"/><line nr="375" mi="2" ci="0" mb="0" cb="0"/><line nr="378" mi="3" ci="0" mb="0" cb="0"/><line nr="379" mi="1" ci="0" mb="0" cb="0"/><line nr="380" mi="2" ci="0" mb="0" cb="0"/><line nr="452" mi="0" ci="2" mb="1" cb="1"/><line nr="453" mi="2" ci="0" mb="0" cb="0"/><line nr="455" mi="0" ci="3" mb="0" cb="2"/><line nr="456" mi="0" ci="5" mb="0" cb="0"/><line nr="459" mi="0" ci="27" mb="0" cb="0"/><line nr="460" mi="0" ci="2" mb="0" cb="0"/><line nr="461" mi="2" ci="14" mb="1" cb="1"/><line nr="462" mi="0" ci="4" mb="1" cb="1"/><line nr="463" mi="0" ci="5" mb="0" cb="0"/><line nr="464" mi="0" ci="1" mb="0" cb="0"/><line nr="467" mi="0" ci="2" mb="1" cb="1"/><line nr="468" mi="0" ci="2" mb="0" cb="0"/><line nr="469" mi="2" ci="6" mb="1" cb="1"/><line nr="470" mi="0" ci="4" mb="0" cb="0"/><line nr="471" mi="0" ci="3" mb="1" cb="1"/><line nr="472" mi="1" ci="0" mb="0" cb="0"/><line nr="477" mi="0" ci="5" mb="0" cb="0"/><line nr="478" mi="3" ci="6" mb="4" cb="2"/><line nr="479" mi="3" ci="0" mb="0" cb="0"/><line nr="481" mi="3" ci="6" mb="4" cb="2"/><line nr="482" mi="3" ci="0" mb="0" cb="0"/><line nr="484" mi="0" ci="3" mb="0" cb="0"/><line nr="486" mi="7" ci="0" mb="0" cb="0"/><line nr="490" mi="4" ci="0" mb="0" cb="0"/><line nr="491" mi="10" ci="0" mb="0" cb="0"/><line nr="495" mi="2" ci="0" mb="0" cb="0"/><line nr="496" mi="3" ci="0" mb="2" cb="0"/><line nr="498" mi="3" ci="0" mb="2" cb="0"/><line nr="499" mi="7" ci="0" mb="4" cb="0"/><line nr="500" mi="12" ci="0" mb="0" cb="0"/><line nr="502" mi="8" ci="0" mb="0" cb="0"/><line nr="504" mi="6" ci="0" mb="0" cb="0"/><line nr="506" mi="5" ci="0" mb="0" cb="0"/><line nr="507" mi="4" ci="0" mb="0" cb="0"/><line nr="509" mi="3" ci="0" mb="2" cb="0"/><line nr="510" mi="4" ci="0" mb="2" cb="0"/><line nr="511" mi="12" ci="0" mb="0" cb="0"/><line nr="513" mi="6" ci="0" mb="0" cb="0"/><line nr="515" mi="2" ci="0" mb="0" cb="0"/><line nr="517" mi="2" ci="0" mb="0" cb="0"/><line nr="519" mi="6" ci="0" mb="4" cb="0"/><line nr="520" mi="9" ci="0" mb="4" cb="0"/><line nr="521" mi="11" ci="0" mb="0" cb="0"/><line nr="523" mi="2" ci="0" mb="0" cb="0"/><line nr="526" mi="8" ci="0" mb="0" cb="0"/><line nr="527" mi="10" ci="0" mb="4" cb="0"/><line nr="528" mi="2" ci="0" mb="4" cb="0"/><line nr="531" mi="17" ci="0" mb="10" cb="0"/><line nr="535" mi="3" ci="0" mb="0" cb="0"/><line nr="536" mi="1" ci="0" mb="0" cb="0"/><line nr="539" mi="3" ci="0" mb="0" cb="0"/><line nr="542" mi="12" ci="0" mb="0" cb="0"/><line nr="546" mi="3" ci="0" mb="0" cb="0"/><line nr="547" mi="10" ci="0" mb="6" cb="0"/><line nr="550" mi="2" ci="0" mb="0" cb="0"/><line nr="553" mi="1" ci="0" mb="0" cb="0"/><line nr="555" mi="1" ci="0" mb="0" cb="0"/><line nr="560" mi="3" ci="0" mb="0" cb="0"/><line nr="561" mi="11" ci="0" mb="6" cb="0"/><line nr="562" mi="2" ci="0" mb="0" cb="0"/><line nr="564" mi="1" ci="0" mb="0" cb="0"/><line nr="566" mi="1" ci="0" mb="0" cb="0"/><line nr="568" mi="3" ci="0" mb="0" cb="0"/><line nr="569" mi="1" ci="0" mb="0" cb="0"/><line nr="574" mi="12" ci="0" mb="0" cb="0"/><line nr="580" mi="9" ci="0" mb="4" cb="0"/><line nr="581" mi="9" ci="0" mb="0" cb="0"/><line nr="583" mi="2" ci="0" mb="0" cb="0"/><line nr="585" mi="4" ci="0" mb="4" cb="0"/><line nr="588" mi="3" ci="0" mb="0" cb="0"/><line nr="589" mi="1" ci="0" mb="0" cb="0"/><line nr="593" mi="3" ci="0" mb="0" cb="0"/><line nr="594" mi="1" ci="0" mb="0" cb="0"/><line nr="597" mi="3" ci="0" mb="0" cb="0"/><line nr="601" mi="10" ci="0" mb="4" cb="0"/><line nr="603" mi="3" ci="0" mb="2" cb="0"/><line nr="604" mi="3" ci="0" mb="0" cb="0"/><line nr="605" mi="10" ci="0" mb="6" cb="0"/><line nr="606" mi="2" ci="0" mb="0" cb="0"/><line nr="609" mi="1" ci="0" mb="0" cb="0"/><line nr="611" mi="1" ci="0" mb="0" cb="0"/><line nr="613" mi="3" ci="0" mb="2" cb="0"/><line nr="614" mi="3" ci="0" mb="0" cb="0"/><line nr="615" mi="10" ci="0" mb="6" cb="0"/><line nr="616" mi="2" ci="0" mb="0" cb="0"/><line nr="619" mi="1" ci="0" mb="0" cb="0"/><line nr="621" mi="1" ci="0" mb="0" cb="0"/><line nr="623" mi="3" ci="0" mb="0" cb="0"/><line nr="635" mi="2" ci="0" mb="2" cb="0"/><line nr="636" mi="2" ci="0" mb="0" cb="0"/><line nr="638" mi="9" ci="0" mb="2" cb="0"/><line nr="639" mi="5" ci="0" mb="2" cb="0"/><line nr="640" mi="2" ci="0" mb="0" cb="0"/><line nr="643" mi="7" ci="0" mb="2" cb="0"/><line nr="657" mi="2" ci="0" mb="2" cb="0"/><line nr="658" mi="2" ci="0" mb="0" cb="0"/><line nr="660" mi="3" ci="0" mb="0" cb="0"/><line nr="673" mi="2" ci="0" mb="2" cb="0"/><line nr="674" mi="2" ci="0" mb="0" cb="0"/><line nr="676" mi="3" ci="0" mb="0" cb="0"/><line nr="691" mi="0" ci="2" mb="1" cb="1"/><line nr="692" mi="2" ci="0" mb="0" cb="0"/><line nr="695" mi="0" ci="3" mb="0" cb="0"/><line nr="710" mi="2" ci="0" mb="2" cb="0"/><line nr="711" mi="2" ci="0" mb="0" cb="0"/><line nr="713" mi="3" ci="0" mb="0" cb="0"/><line nr="727" mi="2" ci="0" mb="2" cb="0"/><line nr="728" mi="2" ci="0" mb="0" cb="0"/><line nr="730" mi="2" ci="0" mb="0" cb="0"/><line nr="731" mi="2" ci="0" mb="0" cb="0"/><line nr="732" mi="2" ci="0" mb="0" cb="0"/><line nr="733" mi="4" ci="0" mb="2" cb="0"/><line nr="734" mi="2" ci="0" mb="0" cb="0"/><line nr="735" mi="2" ci="0" mb="0" cb="0"/><line nr="737" mi="10" ci="0" mb="4" cb="0"/><line nr="738" mi="2" ci="0" mb="0" cb="0"/><line nr="739" mi="2" ci="0" mb="0" cb="0"/><line nr="740" mi="5" ci="0" mb="2" cb="0"/><line nr="741" mi="2" ci="0" mb="0" cb="0"/><line nr="742" mi="2" ci="0" mb="0" cb="0"/><line nr="743" mi="11" ci="0" mb="4" cb="0"/><line nr="744" mi="2" ci="0" mb="0" cb="0"/><line nr="745" mi="1" ci="0" mb="0" cb="0"/><line nr="748" mi="8" ci="0" mb="0" cb="0"/><line nr="749" mi="7" ci="0" mb="2" cb="0"/><line nr="762" mi="2" ci="0" mb="2" cb="0"/><line nr="763" mi="2" ci="0" mb="0" cb="0"/><line nr="766" mi="3" ci="0" mb="2" cb="0"/><line nr="767" mi="5" ci="0" mb="0" cb="0"/><line nr="769" mi="5" ci="0" mb="2" cb="0"/><line nr="774" mi="12" ci="0" mb="0" cb="0"/><line nr="776" mi="5" ci="0" mb="0" cb="0"/><line nr="791" mi="2" ci="0" mb="0" cb="0"/><line nr="794" mi="4" ci="0" mb="0" cb="0"/><line nr="795" mi="8" ci="0" mb="2" cb="0"/><line nr="796" mi="6" ci="0" mb="2" cb="0"/><line nr="797" mi="4" ci="0" mb="0" cb="0"/><line nr="801" mi="2" ci="0" mb="0" cb="0"/><line nr="814" mi="2" ci="0" mb="0" cb="0"/><line nr="817" mi="4" ci="0" mb="0" cb="0"/><line nr="818" mi="8" ci="0" mb="2" cb="0"/><line nr="819" mi="5" ci="0" mb="2" cb="0"/><line nr="820" mi="4" ci="0" mb="0" cb="0"/><line nr="824" mi="2" ci="0" mb="0" cb="0"/><line nr="837" mi="2" ci="0" mb="0" cb="0"/><line nr="840" mi="4" ci="0" mb="0" cb="0"/><line nr="841" mi="8" ci="0" mb="2" cb="0"/><line nr="842" mi="5" ci="0" mb="2" cb="0"/><line nr="843" mi="4" ci="0" mb="0" cb="0"/><line nr="847" mi="2" ci="0" mb="0" cb="0"/><line nr="860" mi="2" ci="0" mb="0" cb="0"/><line nr="863" mi="4" ci="0" mb="0" cb="0"/><line nr="864" mi="8" ci="0" mb="2" cb="0"/><line nr="865" mi="5" ci="0" mb="2" cb="0"/><line nr="866" mi="4" ci="0" mb="0" cb="0"/><line nr="870" mi="2" ci="0" mb="0" cb="0"/><line nr="884" mi="2" ci="0" mb="0" cb="0"/><line nr="887" mi="4" ci="0" mb="0" cb="0"/><line nr="888" mi="8" ci="0" mb="2" cb="0"/><line nr="889" mi="5" ci="0" mb="2" cb="0"/><line nr="890" mi="2" ci="0" mb="0" cb="0"/><line nr="892" mi="6" ci="0" mb="2" cb="0"/><line nr="893" mi="4" ci="0" mb="0" cb="0"/><line nr="897" mi="2" ci="0" mb="0" cb="0"/><line nr="911" mi="2" ci="0" mb="0" cb="0"/><line nr="914" mi="4" ci="0" mb="0" cb="0"/><line nr="915" mi="8" ci="0" mb="2" cb="0"/><line nr="916" mi="5" ci="0" mb="2" cb="0"/><line nr="917" mi="2" ci="0" mb="0" cb="0"/><line nr="919" mi="6" ci="0" mb="2" cb="0"/><line nr="920" mi="4" ci="0" mb="0" cb="0"/><line nr="924" mi="2" ci="0" mb="0" cb="0"/><line nr="939" mi="2" ci="0" mb="0" cb="0"/><line nr="942" mi="4" ci="0" mb="0" cb="0"/><line nr="943" mi="8" ci="0" mb="2" cb="0"/><line nr="944" mi="6" ci="0" mb="2" cb="0"/><line nr="945" mi="4" ci="0" mb="0" cb="0"/><line nr="949" mi="2" ci="0" mb="0" cb="0"/><line nr="962" mi="2" ci="0" mb="0" cb="0"/><line nr="965" mi="4" ci="0" mb="0" cb="0"/><line nr="966" mi="8" ci="0" mb="2" cb="0"/><line nr="967" mi="5" ci="0" mb="2" cb="0"/><line nr="968" mi="4" ci="0" mb="0" cb="0"/><line nr="972" mi="2" ci="0" mb="0" cb="0"/><line nr="985" mi="2" ci="0" mb="0" cb="0"/><line nr="988" mi="4" ci="0" mb="0" cb="0"/><line nr="989" mi="8" ci="0" mb="2" cb="0"/><line nr="990" mi="5" ci="0" mb="2" cb="0"/><line nr="991" mi="4" ci="0" mb="0" cb="0"/><line nr="995" mi="2" ci="0" mb="0" cb="0"/><line nr="1008" mi="2" ci="0" mb="0" cb="0"/><line nr="1011" mi="4" ci="0" mb="0" cb="0"/><line nr="1012" mi="8" ci="0" mb="2" cb="0"/><line nr="1013" mi="5" ci="0" mb="2" cb="0"/><line nr="1014" mi="4" ci="0" mb="0" cb="0"/><line nr="1018" mi="2" ci="0" mb="0" cb="0"/><line nr="1032" mi="2" ci="0" mb="0" cb="0"/><line nr="1035" mi="4" ci="0" mb="0" cb="0"/><line nr="1036" mi="8" ci="0" mb="2" cb="0"/><line nr="1037" mi="5" ci="0" mb="2" cb="0"/><line nr="1038" mi="2" ci="0" mb="0" cb="0"/><line nr="1040" mi="6" ci="0" mb="2" cb="0"/><line nr="1041" mi="4" ci="0" mb="0" cb="0"/><line nr="1045" mi="2" ci="0" mb="0" cb="0"/><line nr="1059" mi="2" ci="0" mb="0" cb="0"/><line nr="1062" mi="4" ci="0" mb="0" cb="0"/><line nr="1063" mi="8" ci="0" mb="2" cb="0"/><line nr="1064" mi="5" ci="0" mb="2" cb="0"/><line nr="1065" mi="2" ci="0" mb="0" cb="0"/><line nr="1067" mi="6" ci="0" mb="2" cb="0"/><line nr="1068" mi="4" ci="0" mb="0" cb="0"/><line nr="1072" mi="2" ci="0" mb="0" cb="0"/><line nr="1082" mi="0" ci="2" mb="0" cb="2"/><line nr="1083" mi="0" ci="5" mb="0" cb="0"/><line nr="1084" mi="0" ci="3" mb="1" cb="1"/><line nr="1085" mi="0" ci="5" mb="0" cb="0"/><line nr="1087" mi="1" ci="0" mb="0" cb="0"/><line nr="1100" mi="4" ci="0" mb="2" cb="0"/><line nr="1101" mi="2" ci="0" mb="0" cb="0"/><line nr="1103" mi="4" ci="0" mb="2" cb="0"/><line nr="1104" mi="2" ci="0" mb="0" cb="0"/><line nr="1106" mi="2" ci="0" mb="0" cb="0"/><line nr="1118" mi="3" ci="0" mb="2" cb="0"/><line nr="1119" mi="2" ci="0" mb="0" cb="0"/><line nr="1121" mi="3" ci="0" mb="2" cb="0"/><line nr="1122" mi="2" ci="0" mb="0" cb="0"/><line nr="1124" mi="2" ci="0" mb="0" cb="0"/><line nr="1136" mi="3" ci="0" mb="2" cb="0"/><line nr="1137" mi="2" ci="0" mb="0" cb="0"/><line nr="1139" mi="3" ci="0" mb="2" cb="0"/><line nr="1140" mi="2" ci="0" mb="0" cb="0"/><line nr="1142" mi="2" ci="0" mb="0" cb="0"/><line nr="1154" mi="3" ci="0" mb="2" cb="0"/><line nr="1155" mi="2" ci="0" mb="0" cb="0"/><line nr="1157" mi="3" ci="0" mb="2" cb="0"/><line nr="1158" mi="2" ci="0" mb="0" cb="0"/><line nr="1160" mi="2" ci="0" mb="0" cb="0"/><line nr="1176" mi="6" ci="0" mb="0" cb="0"/><line nr="1192" mi="6" ci="0" mb="0" cb="0"/><line nr="1206" mi="4" ci="0" mb="2" cb="0"/><line nr="1207" mi="2" ci="0" mb="0" cb="0"/><line nr="1209" mi="4" ci="0" mb="2" cb="0"/><line nr="1210" mi="2" ci="0" mb="0" cb="0"/><line nr="1212" mi="2" ci="0" mb="0" cb="0"/><line nr="1224" mi="3" ci="0" mb="2" cb="0"/><line nr="1225" mi="2" ci="0" mb="0" cb="0"/><line nr="1227" mi="3" ci="0" mb="2" cb="0"/><line nr="1228" mi="2" ci="0" mb="0" cb="0"/><line nr="1230" mi="2" ci="0" mb="0" cb="0"/><line nr="1242" mi="3" ci="0" mb="2" cb="0"/><line nr="1243" mi="2" ci="0" mb="0" cb="0"/><line nr="1245" mi="3" ci="0" mb="2" cb="0"/><line nr="1246" mi="2" ci="0" mb="0" cb="0"/><line nr="1248" mi="2" ci="0" mb="0" cb="0"/><line nr="1260" mi="3" ci="0" mb="2" cb="0"/><line nr="1261" mi="2" ci="0" mb="0" cb="0"/><line nr="1263" mi="3" ci="0" mb="2" cb="0"/><line nr="1264" mi="2" ci="0" mb="0" cb="0"/><line nr="1266" mi="2" ci="0" mb="0" cb="0"/><line nr="1282" mi="6" ci="0" mb="0" cb="0"/><line nr="1298" mi="6" ci="0" mb="0" cb="0"/><line nr="1313" mi="3" ci="0" mb="2" cb="0"/><line nr="1314" mi="2" ci="0" mb="0" cb="0"/><line nr="1316" mi="8" ci="0" mb="2" cb="0"/><line nr="1317" mi="5" ci="0" mb="2" cb="0"/><line nr="1318" mi="2" ci="0" mb="0" cb="0"/><line nr="1321" mi="2" ci="0" mb="0" cb="0"/><line nr="1339" mi="3" ci="0" mb="2" cb="0"/><line nr="1340" mi="2" ci="0" mb="0" cb="0"/><line nr="1342" mi="3" ci="0" mb="0" cb="0"/><line nr="1343" mi="3" ci="0" mb="0" cb="0"/><line nr="1344" mi="2" ci="0" mb="0" cb="0"/><line nr="1345" mi="2" ci="0" mb="0" cb="0"/><line nr="1346" mi="2" ci="0" mb="0" cb="0"/><line nr="1347" mi="2" ci="0" mb="0" cb="0"/><line nr="1349" mi="9" ci="0" mb="2" cb="0"/><line nr="1350" mi="10" ci="0" mb="4" cb="0"/><line nr="1351" mi="14" ci="0" mb="4" cb="0"/><line nr="1355" mi="4" ci="0" mb="0" cb="0"/><line nr="1356" mi="3" ci="0" mb="2" cb="0"/><line nr="1357" mi="2" ci="0" mb="0" cb="0"/><line nr="1360" mi="6" ci="0" mb="2" cb="0"/><line nr="1361" mi="30" ci="0" mb="12" cb="0"/><line nr="1364" mi="2" ci="0" mb="0" cb="0"/><line nr="1367" mi="2" ci="0" mb="0" cb="0"/><line nr="1368" mi="7" ci="0" mb="2" cb="0"/><line nr="1370" mi="4" ci="0" mb="0" cb="0"/><line nr="1371" mi="6" ci="0" mb="2" cb="0"/><line nr="1372" mi="10" ci="0" mb="4" cb="0"/><line nr="1373" mi="2" ci="0" mb="0" cb="0"/><line nr="1376" mi="2" ci="0" mb="0" cb="0"/><line nr="1379" mi="1" ci="0" mb="0" cb="0"/><line nr="1381" mi="2" ci="0" mb="0" cb="0"/><line nr="1384" mi="12" ci="0" mb="8" cb="0"/><line nr="1385" mi="10" ci="0" mb="4" cb="0"/><line nr="1386" mi="2" ci="0" mb="0" cb="0"/><line nr="1387" mi="3" ci="0" mb="0" cb="0"/><line nr="1389" mi="5" ci="0" mb="2" cb="0"/><line nr="1390" mi="4" ci="0" mb="4" cb="0"/><line nr="1392" mi="2" ci="0" mb="0" cb="0"/><line nr="1394" mi="3" ci="0" mb="0" cb="0"/><line nr="1395" mi="10" ci="0" mb="4" cb="0"/><line nr="1397" mi="2" ci="0" mb="2" cb="0"/><line nr="1399" mi="2" ci="0" mb="0" cb="0"/><line nr="1401" mi="2" ci="0" mb="2" cb="0"/><line nr="1402" mi="2" ci="0" mb="0" cb="0"/><line nr="1404" mi="2" ci="0" mb="0" cb="0"/><line nr="1405" mi="3" ci="0" mb="0" cb="0"/><line nr="1406" mi="10" ci="0" mb="4" cb="0"/><line nr="1407" mi="2" ci="0" mb="2" cb="0"/><line nr="1408" mi="2" ci="0" mb="0" cb="0"/><line nr="1410" mi="2" ci="0" mb="0" cb="0"/><line nr="1411" mi="3" ci="0" mb="0" cb="0"/><line nr="1413" mi="2" ci="0" mb="0" cb="0"/><line nr="1415" mi="2" ci="0" mb="0" cb="0"/><line nr="1417" mi="4" ci="0" mb="2" cb="0"/><line nr="1418" mi="10" ci="0" mb="4" cb="0"/><line nr="1420" mi="2" ci="0" mb="0" cb="0"/><line nr="1422" mi="10" ci="0" mb="4" cb="0"/><line nr="1424" mi="2" ci="0" mb="0" cb="0"/><line nr="1426" mi="5" ci="0" mb="2" cb="0"/><line nr="1427" mi="4" ci="0" mb="4" cb="0"/><line nr="1429" mi="2" ci="0" mb="0" cb="0"/><line nr="1432" mi="2" ci="0" mb="0" cb="0"/><line nr="1434" mi="22" ci="0" mb="10" cb="0"/><line nr="1439" mi="2" ci="0" mb="0" cb="0"/><line nr="1441" mi="10" ci="0" mb="4" cb="0"/><line nr="1444" mi="10" ci="0" mb="6" cb="0"/><line nr="1447" mi="2" ci="0" mb="0" cb="0"/><line nr="1451" mi="8" ci="0" mb="4" cb="0"/><counter type="INSTRUCTION" missed="1330" covered="226"/><counter type="BRANCH" missed="336" covered="24"/><counter type="LINE" missed="326" covered="60"/><counter type="COMPLEXITY" missed="211" covered="19"/><counter type="METHOD" missed="35" covered="14"/><counter type="CLASS" missed="0" covered="1"/></sourcefile><sourcefile name="Fraction.java"><line nr="11" mi="0" ci="6" mb="0" cb="0"/><line nr="15" mi="0" ci="6" mb="0" cb="0"/><line nr="19" mi="0" ci="6" mb="0" cb="0"/><line nr="23" mi="0" ci="6" mb="0" cb="0"/><line nr="27" mi="0" ci="6" mb="0" cb="0"/><line nr="31" mi="0" ci="6" mb="0" cb="0"/><line nr="35" mi="0" ci="6" mb="0" cb="0"/><line nr="39" mi="0" ci="6" mb="0" cb="0"/><line nr="43" mi="0" ci="6" mb="0" cb="0"/><line nr="47" mi="0" ci="6" mb="0" cb="0"/><line nr="51" mi="0" ci="6" mb="0" cb="0"/><line nr="55" mi="0" ci="7" mb="0" cb="0"/><line nr="70" mi="0" ci="3" mb="0" cb="0"/><line nr="74" mi="0" ci="3" mb="0" cb="0"/><line nr="78" mi="0" ci="3" mb="0" cb="0"/><line nr="90" mi="0" ci="2" mb="0" cb="0"/><line nr="91" mi="0" ci="3" mb="0" cb="0"/><line nr="92" mi="0" ci="3" mb="0" cb="0"/><line nr="93" mi="0" ci="1" mb="0" cb="0"/><line nr="113" mi="0" ci="2" mb="0" cb="2"/><line nr="114" mi="0" ci="5" mb="0" cb="0"/><line nr="116" mi="0" ci="2" mb="0" cb="2"/><line nr="117" mi="0" ci="6" mb="1" cb="3"/><line nr="119" mi="0" ci="5" mb="0" cb="0"/><line nr="121" mi="0" ci="3" mb="0" cb="0"/><line nr="122" mi="0" ci="3" mb="0" cb="0"/><line nr="124" mi="0" ci="6" mb="0" cb="0"/><line nr="149" mi="0" ci="2" mb="0" cb="2"/><line nr="150" mi="0" ci="5" mb="0" cb="0"/><line nr="152" mi="0" ci="2" mb="0" cb="2"/><line nr="153" mi="0" ci="5" mb="0" cb="0"/><line nr="156" mi="0" ci="2" mb="0" cb="2"/><line nr="157" mi="0" ci="5" mb="0" cb="0"/><line nr="160" mi="0" ci="2" mb="0" cb="2"/><line nr="161" mi="0" ci="10" mb="0" cb="0"/><line nr="163" mi="0" ci="9" mb="0" cb="0"/><line nr="165" mi="0" ci="8" mb="2" cb="2"/><line nr="167" mi="5" ci="0" mb="0" cb="0"/><line nr="170" mi="0" ci="7" mb="0" cb="0"/><line nr="195" mi="0" ci="2" mb="0" cb="2"/><line nr="196" mi="0" ci="5" mb="0" cb="0"/><line nr="198" mi="0" ci="2" mb="0" cb="2"/><line nr="199" mi="0" ci="2" mb="0" cb="0"/><line nr="202" mi="0" ci="7" mb="1" cb="3"/><line nr="203" mi="4" ci="0" mb="0" cb="0"/><line nr="204" mi="4" ci="0" mb="0" cb="0"/><line nr="206" mi="0" ci="2" mb="0" cb="2"/><line nr="207" mi="0" ci="6" mb="1" cb="3"/><line nr="209" mi="0" ci="5" mb="0" cb="0"/><line nr="211" mi="0" ci="3" mb="0" cb="0"/><line nr="212" mi="0" ci="3" mb="0" cb="0"/><line nr="215" mi="0" ci="4" mb="0" cb="0"/><line nr="216" mi="0" ci="4" mb="0" cb="0"/><line nr="217" mi="0" ci="4" mb="0" cb="0"/><line nr="218" mi="0" ci="6" mb="0" cb="0"/><line nr="242" mi="0" ci="8" mb="0" cb="2"/><line nr="243" mi="0" ci="3" mb="0" cb="0"/><line nr="244" mi="0" ci="7" mb="0" cb="4"/><line nr="245" mi="0" ci="5" mb="0" cb="0"/><line nr="248" mi="0" ci="3" mb="0" cb="0"/><line nr="249" mi="0" ci="5" mb="0" cb="0"/><line nr="251" mi="0" ci="2" mb="0" cb="0"/><line nr="252" mi="0" ci="2" mb="0" cb="0"/><line nr="253" mi="0" ci="2" mb="0" cb="0"/><line nr="254" mi="0" ci="2" mb="0" cb="0"/><line nr="255" mi="0" ci="2" mb="0" cb="0"/><line nr="256" mi="0" ci="2" mb="0" cb="0"/><line nr="257" mi="0" ci="3" mb="0" cb="0"/><line nr="258" mi="0" ci="2" mb="0" cb="0"/><line nr="259" mi="0" ci="2" mb="0" cb="0"/><line nr="260" mi="0" ci="2" mb="0" cb="0"/><line nr="261" mi="0" ci="5" mb="0" cb="0"/><line nr="262" mi="0" ci="2" mb="0" cb="0"/><line nr="263" mi="0" ci="2" mb="0" cb="0"/><line nr="265" mi="0" ci="2" mb="0" cb="0"/><line nr="268" mi="0" ci="2" mb="0" cb="0"/><line nr="269" mi="0" ci="5" mb="0" cb="0"/><line nr="270" mi="0" ci="2" mb="0" cb="0"/><line nr="271" mi="0" ci="7" mb="0" cb="0"/><line nr="272" mi="0" ci="6" mb="0" cb="0"/><line nr="273" mi="0" ci="6" mb="0" cb="0"/><line nr="274" mi="0" ci="6" mb="0" cb="0"/><line nr="275" mi="0" ci="5" mb="0" cb="0"/><line nr="278" mi="0" ci="2" mb="0" cb="0"/><line nr="279" mi="0" ci="2" mb="0" cb="0"/><line nr="280" mi="0" ci="2" mb="0" cb="0"/><line nr="281" mi="0" ci="2" mb="0" cb="0"/><line nr="282" mi="0" ci="2" mb="0" cb="0"/><line nr="283" mi="0" ci="2" mb="0" cb="0"/><line nr="284" mi="0" ci="2" mb="0" cb="0"/><line nr="285" mi="0" ci="1" mb="0" cb="0"/><line nr="288" mi="0" ci="12" mb="2" cb="6"/><line nr="289" mi="0" ci="3" mb="1" cb="1"/><line nr="290" mi="5" ci="0" mb="0" cb="0"/><line nr="293" mi="0" ci="10" mb="0" cb="0"/><line nr="328" mi="2" ci="0" mb="2" cb="0"/><line nr="329" mi="5" ci="0" mb="0" cb="0"/><line nr="332" mi="4" ci="0" mb="0" cb="0"/><line nr="333" mi="2" ci="0" mb="2" cb="0"/><line nr="334" mi="4" ci="0" mb="0" cb="0"/><line nr="338" mi="4" ci="0" mb="0" cb="0"/><line nr="339" mi="2" ci="0" mb="2" cb="0"/><line nr="340" mi="6" ci="0" mb="0" cb="0"/><line nr="341" mi="6" ci="0" mb="0" cb="0"/><line nr="342" mi="4" ci="0" mb="0" cb="0"/><line nr="343" mi="2" ci="0" mb="2" cb="0"/><line nr="344" mi="5" ci="0" mb="0" cb="0"/><line nr="347" mi="6" ci="0" mb="0" cb="0"/><line nr="348" mi="7" ci="0" mb="0" cb="0"/><line nr="349" mi="5" ci="0" mb="0" cb="0"/><line nr="354" mi="4" ci="0" mb="0" cb="0"/><line nr="355" mi="2" ci="0" mb="2" cb="0"/><line nr="357" mi="5" ci="0" mb="0" cb="0"/><line nr="359" mi="6" ci="0" mb="0" cb="0"/><line nr="360" mi="7" ci="0" mb="0" cb="0"/><line nr="361" mi="4" ci="0" mb="0" cb="0"/><line nr="381" mi="0" ci="3" mb="0" cb="0"/><line nr="391" mi="0" ci="3" mb="0" cb="0"/><line nr="413" mi="0" ci="7" mb="0" cb="0"/><line nr="434" mi="0" ci="6" mb="0" cb="0"/><line nr="449" mi="0" ci="6" mb="0" cb="0"/><line nr="462" mi="0" ci="8" mb="0" cb="0"/><line nr="475" mi="0" ci="8" mb="0" cb="0"/><line nr="488" mi="0" ci="8" mb="0" cb="0"/><line nr="509" mi="0" ci="3" mb="0" cb="2"/><line nr="510" mi="2" ci="6" mb="1" cb="1"/><line nr="512" mi="0" ci="7" mb="0" cb="0"/><line nr="513" mi="0" ci="3" mb="1" cb="1"/><line nr="514" mi="2" ci="0" mb="0" cb="0"/><line nr="516" mi="0" ci="10" mb="0" cb="0"/><line nr="533" mi="0" ci="3" mb="0" cb="2"/><line nr="534" mi="0" ci="5" mb="0" cb="0"/><line nr="536" mi="0" ci="4" mb="0" cb="2"/><line nr="537" mi="0" ci="5" mb="0" cb="0"/><line nr="539" mi="0" ci="3" mb="0" cb="2"/><line nr="540" mi="0" ci="10" mb="0" cb="0"/><line nr="542" mi="0" ci="8" mb="0" cb="0"/><line nr="560" mi="0" ci="4" mb="0" cb="2"/><line nr="561" mi="0" ci="5" mb="0" cb="0"/><line nr="563" mi="0" ci="9" mb="0" cb="0"/><line nr="583" mi="0" ci="3" mb="0" cb="2"/><line nr="584" mi="0" ci="2" mb="0" cb="0"/><line nr="586" mi="0" ci="3" mb="0" cb="0"/><line nr="607" mi="0" ci="3" mb="0" cb="2"/><line nr="608" mi="0" ci="2" mb="0" cb="0"/><line nr="609" mi="0" ci="2" mb="0" cb="2"/><line nr="610" mi="0" ci="2" mb="0" cb="0"/><line nr="611" mi="0" ci="2" mb="0" cb="2"/><line nr="612" mi="0" ci="3" mb="1" cb="1"/><line nr="613" mi="10" ci="0" mb="0" cb="0"/><line nr="615" mi="0" ci="6" mb="0" cb="0"/><line nr="617" mi="0" ci="4" mb="0" cb="0"/><line nr="618" mi="0" ci="4" mb="0" cb="2"/><line nr="619" mi="0" ci="6" mb="0" cb="0"/><line nr="621" mi="0" ci="8" mb="0" cb="0"/><line nr="639" mi="0" ci="4" mb="2" cb="2"/><line nr="640" mi="6" ci="0" mb="4" cb="0"/><line nr="641" mi="5" ci="0" mb="0" cb="0"/><line nr="643" mi="6" ci="0" mb="0" cb="0"/><line nr="646" mi="0" ci="8" mb="0" cb="4"/><line nr="647" mi="0" ci="2" mb="0" cb="0"/><line nr="653" mi="0" ci="2" mb="0" cb="2"/><line nr="654" mi="0" ci="3" mb="0" cb="0"/><line nr="656" mi="0" ci="2" mb="1" cb="1"/><line nr="657" mi="0" ci="3" mb="0" cb="0"/><line nr="660" mi="0" ci="2" mb="0" cb="0"/><line nr="661" mi="0" ci="11" mb="1" cb="5"/><line nr="663" mi="0" ci="4" mb="0" cb="0"/><line nr="664" mi="0" ci="4" mb="0" cb="0"/><line nr="665" mi="0" ci="2" mb="0" cb="0"/><line nr="667" mi="0" ci="3" mb="1" cb="1"/><line nr="668" mi="5" ci="0" mb="0" cb="0"/><line nr="672" mi="0" ci="12" mb="0" cb="2"/><line nr="678" mi="0" ci="4" mb="0" cb="2"/><line nr="679" mi="0" ci="5" mb="0" cb="0"/><line nr="682" mi="0" ci="2" mb="0" cb="2"/><line nr="683" mi="0" ci="4" mb="0" cb="0"/><line nr="685" mi="0" ci="2" mb="0" cb="0"/><line nr="688" mi="0" ci="6" mb="0" cb="0"/><line nr="691" mi="0" ci="2" mb="0" cb="2"/><line nr="692" mi="0" ci="7" mb="0" cb="0"/><line nr="705" mi="0" ci="6" mb="0" cb="0"/><line nr="706" mi="0" ci="8" mb="0" cb="4"/><line nr="707" mi="0" ci="5" mb="0" cb="0"/><line nr="709" mi="0" ci="3" mb="0" cb="0"/><line nr="721" mi="0" ci="6" mb="0" cb="0"/><line nr="722" mi="0" ci="4" mb="0" cb="2"/><line nr="723" mi="0" ci="5" mb="0" cb="0"/><line nr="725" mi="0" ci="3" mb="0" cb="0"/><line nr="735" mi="0" ci="6" mb="0" cb="0"/><line nr="736" mi="0" ci="8" mb="2" cb="2"/><line nr="737" mi="5" ci="0" mb="0" cb="0"/><line nr="739" mi="0" ci="3" mb="0" cb="0"/><line nr="754" mi="0" ci="6" mb="0" cb="0"/><line nr="755" mi="0" ci="8" mb="2" cb="2"/><line nr="756" mi="5" ci="0" mb="0" cb="0"/><line nr="758" mi="0" ci="3" mb="0" cb="0"/><line nr="777" mi="0" ci="5" mb="0" cb="0"/><line nr="796" mi="0" ci="5" mb="0" cb="0"/><line nr="814" mi="0" ci="2" mb="0" cb="2"/><line nr="815" mi="0" ci="5" mb="0" cb="0"/><line nr="818" mi="0" ci="3" mb="0" cb="2"/><line nr="819" mi="2" ci="5" mb="1" cb="1"/><line nr="821" mi="0" ci="3" mb="1" cb="1"/><line nr="822" mi="2" ci="0" mb="0" cb="0"/><line nr="826" mi="0" ci="6" mb="0" cb="0"/><line nr="827" mi="0" ci="3" mb="0" cb="2"/><line nr="829" mi="0" ci="6" mb="0" cb="0"/><line nr="830" mi="0" ci="6" mb="0" cb="0"/><line nr="831" mi="0" ci="18" mb="0" cb="2"/><line nr="838" mi="0" ci="12" mb="0" cb="0"/><line nr="840" mi="0" ci="12" mb="0" cb="0"/><line nr="842" mi="0" ci="10" mb="0" cb="2"/><line nr="845" mi="0" ci="7" mb="0" cb="0"/><line nr="846" mi="0" ci="8" mb="0" cb="2"/><line nr="849" mi="0" ci="6" mb="0" cb="0"/><line nr="850" mi="0" ci="4" mb="1" cb="1"/><line nr="851" mi="5" ci="0" mb="0" cb="0"/><line nr="854" mi="0" ci="15" mb="0" cb="0"/><line nr="874" mi="0" ci="2" mb="0" cb="2"/><line nr="875" mi="0" ci="5" mb="0" cb="0"/><line nr="877" mi="0" ci="6" mb="2" cb="2"/><line nr="878" mi="2" ci="0" mb="0" cb="0"/><line nr="882" mi="0" ci="6" mb="0" cb="0"/><line nr="883" mi="0" ci="6" mb="0" cb="0"/><line nr="884" mi="0" ci="20" mb="0" cb="0"/><line nr="906" mi="0" ci="2" mb="0" cb="2"/><line nr="907" mi="0" ci="5" mb="0" cb="0"/><line nr="909" mi="0" ci="3" mb="0" cb="2"/><line nr="910" mi="0" ci="5" mb="0" cb="0"/><line nr="913" mi="0" ci="5" mb="0" cb="0"/><line nr="935" mi="0" ci="3" mb="1" cb="1"/><line nr="936" mi="2" ci="0" mb="0" cb="0"/><line nr="938" mi="0" ci="3" mb="1" cb="1"/><line nr="939" mi="2" ci="0" mb="0" cb="0"/><line nr="941" mi="0" ci="3" mb="0" cb="0"/><line nr="942" mi="0" ci="14" mb="1" cb="3"/><line nr="955" mi="0" ci="3" mb="1" cb="1"/><line nr="957" mi="0" ci="11" mb="0" cb="0"/><line nr="959" mi="0" ci="3" mb="0" cb="0"/><line nr="982" mi="0" ci="3" mb="0" cb="2"/><line nr="983" mi="0" ci="2" mb="0" cb="0"/><line nr="985" mi="0" ci="10" mb="1" cb="3"/><line nr="986" mi="0" ci="2" mb="0" cb="0"/><line nr="990" mi="0" ci="8" mb="0" cb="0"/><line nr="991" mi="0" ci="8" mb="0" cb="0"/><line nr="992" mi="0" ci="4" mb="0" cb="2"/><line nr="993" mi="0" ci="2" mb="0" cb="0"/><line nr="994" mi="0" ci="4" mb="0" cb="2"/><line nr="995" mi="0" ci="2" mb="0" cb="0"/><line nr="997" mi="0" ci="2" mb="0" cb="0"/><line nr="1013" mi="0" ci="3" mb="1" cb="1"/><line nr="1014" mi="0" ci="15" mb="0" cb="0"/><line nr="1017" mi="0" ci="3" mb="0" cb="0"/><line nr="1034" mi="0" ci="3" mb="1" cb="1"/><line nr="1035" mi="0" ci="3" mb="1" cb="1"/><line nr="1036" mi="4" ci="0" mb="0" cb="0"/><line nr="1037" mi="0" ci="5" mb="0" cb="2"/><line nr="1038" mi="0" ci="4" mb="0" cb="0"/><line nr="1039" mi="0" ci="7" mb="1" cb="1"/><line nr="1040" mi="4" ci="0" mb="0" cb="0"/><line nr="1041" mi="0" ci="13" mb="1" cb="3"/><line nr="1046" mi="0" ci="3" mb="0" cb="0"/><line nr="1047" mi="0" ci="2" mb="0" cb="2"/><line nr="1048" mi="0" ci="6" mb="0" cb="0"/><line nr="1050" mi="0" ci="19" mb="0" cb="0"/><line nr="1055" mi="0" ci="1" mb="0" cb="0"/><line nr="1056" mi="15" ci="0" mb="0" cb="0"/><line nr="1060" mi="0" ci="3" mb="0" cb="0"/><counter type="INSTRUCTION" missed="194" covered="1112"/><counter type="BRANCH" missed="49" covered="147"/><counter type="LINE" missed="41" covered="228"/><counter type="COMPLEXITY" missed="43" covered="90"/><counter type="METHOD" missed="1" covered="34"/><counter type="CLASS" missed="0" covered="1"/></sourcefile><sourcefile name="IEEE754rUtils.java"><line nr="34" mi="0" ci="3" mb="0" cb="0"/><line nr="51" mi="0" ci="2" mb="0" cb="2"/><line nr="52" mi="0" ci="5" mb="0" cb="0"/><line nr="53" mi="0" ci="3" mb="0" cb="2"/><line nr="54" mi="0" ci="5" mb="0" cb="0"/><line nr="58" mi="0" ci="4" mb="0" cb="0"/><line nr="59" mi="0" ci="8" mb="0" cb="2"/><line nr="60" mi="0" ci="6" mb="0" cb="0"/><line nr="63" mi="0" ci="2" mb="0" cb="0"/><line nr="81" mi="0" ci="2" mb="0" cb="2"/><line nr="82" mi="0" ci="5" mb="0" cb="0"/><line nr="83" mi="0" ci="3" mb="0" cb="2"/><line nr="84" mi="0" ci="5" mb="0" cb="0"/><line nr="88" mi="0" ci="4" mb="0" cb="0"/><line nr="89" mi="0" ci="8" mb="0" cb="2"/><line nr="90" mi="0" ci="6" mb="0" cb="0"/><line nr="93" mi="0" ci="2" mb="0" cb="0"/><line nr="114" mi="0" ci="6" mb="0" cb="0"/><line nr="133" mi="0" ci="3" mb="0" cb="2"/><line nr="134" mi="0" ci="2" mb="0" cb="0"/><line nr="135" mi="0" ci="3" mb="0" cb="2"/><line nr="136" mi="0" ci="2" mb="0" cb="0"/><line nr="138" mi="0" ci="4" mb="0" cb="0"/><line nr="160" mi="0" ci="6" mb="0" cb="0"/><line nr="179" mi="0" ci="3" mb="0" cb="2"/><line nr="180" mi="0" ci="2" mb="0" cb="0"/><line nr="181" mi="0" ci="3" mb="0" cb="2"/><line nr="182" mi="0" ci="2" mb="0" cb="0"/><line nr="184" mi="0" ci="4" mb="0" cb="0"/><line nr="203" mi="2" ci="0" mb="2" cb="0"/><line nr="204" mi="5" ci="0" mb="0" cb="0"/><line nr="205" mi="3" ci="0" mb="2" cb="0"/><line nr="206" mi="5" ci="0" mb="0" cb="0"/><line nr="210" mi="4" ci="0" mb="0" cb="0"/><line nr="211" mi="8" ci="0" mb="2" cb="0"/><line nr="212" mi="6" ci="0" mb="0" cb="0"/><line nr="215" mi="2" ci="0" mb="0" cb="0"/><line nr="233" mi="0" ci="2" mb="0" cb="2"/><line nr="234" mi="0" ci="5" mb="0" cb="0"/><line nr="235" mi="0" ci="3" mb="0" cb="2"/><line nr="236" mi="0" ci="5" mb="0" cb="0"/><line nr="240" mi="0" ci="4" mb="0" cb="0"/><line nr="241" mi="0" ci="8" mb="0" cb="2"/><line nr="242" mi="0" ci="6" mb="0" cb="0"/><line nr="245" mi="0" ci="2" mb="0" cb="0"/><line nr="266" mi="0" ci="6" mb="0" cb="0"/><line nr="285" mi="0" ci="3" mb="0" cb="2"/><line nr="286" mi="0" ci="2" mb="0" cb="0"/><line nr="287" mi="0" ci="3" mb="0" cb="2"/><line nr="288" mi="0" ci="2" mb="0" cb="0"/><line nr="290" mi="0" ci="4" mb="0" cb="0"/><line nr="312" mi="0" ci="6" mb="0" cb="0"/><line nr="331" mi="0" ci="3" mb="0" cb="2"/><line nr="332" mi="0" ci="2" mb="0" cb="0"/><line nr="333" mi="0" ci="3" mb="0" cb="2"/><line nr="334" mi="0" ci="2" mb="0" cb="0"/><line nr="336" mi="0" ci="4" mb="0" cb="0"/><counter type="INSTRUCTION" missed="35" covered="188"/><counter type="BRANCH" missed="6" covered="34"/><counter type="LINE" missed="8" covered="49"/><counter type="COMPLEXITY" missed="4" covered="29"/><counter type="METHOD" missed="1" covered="12"/><counter type="CLASS" missed="0" covered="1"/></sourcefile><counter type="INSTRUCTION" missed="1559" covered="1526"/><counter type="BRANCH" missed="391" covered="205"/><counter type="LINE" missed="375" covered="337"/><counter type="COMPLEXITY" missed="258" covered="138"/><counter type="METHOD" missed="37" covered="60"/><counter type="CLASS" missed="0" covered="3"/></package><counter type="INSTRUCTION" missed="1559" covered="1526"/><counter type="BRANCH" missed="391" covered="205"/><counter type="LINE" missed="375" covered="337"/><counter type="COMPLEXITY" missed="258" covered="138"/><counter type="METHOD" missed="37" covered="60"/><counter type="CLASS" missed="0" covered="3"/></report>